<?xml version="1.0" encoding="UTF-8"?>
<coverage generated="1722329029389" clover="3.2.0">
  <project timestamp="1722329029389" name="All files">
    <metrics statements="291" coveredstatements="104" conditionals="105" coveredconditionals="20" methods="49" coveredmethods="22" elements="445" coveredelements="146" complexity="0" loc="291" ncloc="291" packages="1" files="1" classes="1"/>
    <file name="api.js" path="/Users/victorkanu/Desktop/ Bagel Working Client /Client/javascript/src/api/api.js">
      <metrics statements="291" coveredstatements="104" conditionals="105" coveredconditionals="20" methods="49" coveredmethods="22"/>
      <line num="484" count="15" type="cond" truecount="1" falsecount="1"/>
      <line num="485" count="15" type="cond" truecount="1" falsecount="1"/>
      <line num="486" count="0" type="stmt"/>
      <line num="491" count="15" type="cond" truecount="1" falsecount="1"/>
      <line num="492" count="0" type="stmt"/>
      <line num="493" count="15" type="cond" truecount="1" falsecount="1"/>
      <line num="497" count="15" type="stmt"/>
      <line num="499" count="0" type="stmt"/>
      <line num="502" count="15" type="stmt"/>
      <line num="509" count="1" type="stmt"/>
      <line num="510" count="1" type="stmt"/>
      <line num="511" count="1" type="cond" truecount="1" falsecount="1"/>
      <line num="512" count="0" type="stmt"/>
      <line num="514" count="1" type="cond" truecount="1" falsecount="1"/>
      <line num="515" count="1" type="stmt"/>
      <line num="518" count="0" type="stmt"/>
      <line num="524" count="1" type="stmt"/>
      <line num="525" count="1" type="stmt"/>
      <line num="526" count="1" type="cond" truecount="1" falsecount="1"/>
      <line num="527" count="0" type="stmt"/>
      <line num="529" count="1" type="stmt"/>
      <line num="531" count="0" type="stmt"/>
      <line num="538" count="1" type="stmt"/>
      <line num="543" count="1" type="stmt"/>
      <line num="544" count="1" type="stmt"/>
      <line num="550" count="1" type="stmt"/>
      <line num="552" count="1" type="cond" truecount="1" falsecount="1"/>
      <line num="553" count="1" type="stmt"/>
      <line num="554" count="1" type="stmt"/>
      <line num="557" count="1" type="stmt"/>
      <line num="558" count="1" type="stmt"/>
      <line num="560" count="0" type="stmt"/>
      <line num="563" count="0" type="stmt"/>
      <line num="572" count="1" type="stmt"/>
      <line num="577" count="1" type="stmt"/>
      <line num="578" count="1" type="stmt"/>
      <line num="583" count="1" type="stmt"/>
      <line num="585" count="1" type="cond" truecount="1" falsecount="1"/>
      <line num="586" count="1" type="stmt"/>
      <line num="587" count="1" type="stmt"/>
      <line num="589" count="0" type="stmt"/>
      <line num="592" count="0" type="stmt"/>
      <line num="599" count="1" type="stmt"/>
      <line num="604" count="1" type="stmt"/>
      <line num="605" count="1" type="stmt"/>
      <line num="613" count="1" type="stmt"/>
      <line num="615" count="1" type="cond" truecount="1" falsecount="1"/>
      <line num="616" count="1" type="stmt"/>
      <line num="617" count="1" type="stmt"/>
      <line num="619" count="0" type="stmt"/>
      <line num="622" count="0" type="stmt"/>
      <line num="628" count="1" type="stmt"/>
      <line num="629" count="1" type="stmt"/>
      <line num="632" count="1" type="stmt"/>
      <line num="639" count="1" type="stmt"/>
      <line num="644" count="1" type="cond" truecount="1" falsecount="1"/>
      <line num="645" count="0" type="stmt"/>
      <line num="646" count="0" type="stmt"/>
      <line num="648" count="1" type="stmt"/>
      <line num="650" count="0" type="stmt"/>
      <line num="656" count="1" type="stmt"/>
      <line num="657" count="1" type="stmt"/>
      <line num="661" count="0" type="stmt"/>
      <line num="667" count="1" type="stmt"/>
      <line num="671" count="1" type="stmt"/>
      <line num="672" count="1" type="stmt"/>
      <line num="681" count="1" type="cond" truecount="1" falsecount="1"/>
      <line num="682" count="1" type="stmt"/>
      <line num="683" count="1" type="stmt"/>
      <line num="687" count="1" type="stmt"/>
      <line num="689" count="0" type="stmt"/>
      <line num="690" count="0" type="stmt"/>
      <line num="696" count="0" type="stmt"/>
      <line num="697" count="0" type="stmt"/>
      <line num="701" count="0" type="stmt"/>
      <line num="707" count="0" type="stmt"/>
      <line num="708" count="0" type="stmt"/>
      <line num="714" count="0" type="cond" truecount="0" falsecount="2"/>
      <line num="715" count="0" type="stmt"/>
      <line num="717" count="0" type="stmt"/>
      <line num="719" count="0" type="stmt"/>
      <line num="736" count="0" type="cond" truecount="0" falsecount="4"/>
      <line num="737" count="0" type="stmt"/>
      <line num="738" count="0" type="stmt"/>
      <line num="741" count="0" type="stmt"/>
      <line num="742" count="0" type="stmt"/>
      <line num="760" count="0" type="cond" truecount="0" falsecount="2"/>
      <line num="761" count="0" type="stmt"/>
      <line num="764" count="0" type="stmt"/>
      <line num="766" count="0" type="cond" truecount="0" falsecount="2"/>
      <line num="767" count="0" type="stmt"/>
      <line num="770" count="0" type="stmt"/>
      <line num="777" count="0" type="stmt"/>
      <line num="783" count="0" type="stmt"/>
      <line num="784" count="0" type="stmt"/>
      <line num="785" count="0" type="stmt"/>
      <line num="791" count="0" type="cond" truecount="0" falsecount="2"/>
      <line num="792" count="0" type="stmt"/>
      <line num="795" count="0" type="stmt"/>
      <line num="797" count="0" type="stmt"/>
      <line num="811" count="0" type="stmt"/>
      <line num="812" count="0" type="stmt"/>
      <line num="822" count="0" type="cond" truecount="0" falsecount="2"/>
      <line num="823" count="0" type="stmt"/>
      <line num="826" count="0" type="stmt"/>
      <line num="828" count="0" type="stmt"/>
      <line num="835" count="0" type="stmt"/>
      <line num="836" count="0" type="stmt"/>
      <line num="848" count="0" type="cond" truecount="0" falsecount="2"/>
      <line num="849" count="0" type="stmt"/>
      <line num="850" count="0" type="stmt"/>
      <line num="851" count="0" type="stmt"/>
      <line num="856" count="0" type="stmt"/>
      <line num="858" count="0" type="stmt"/>
      <line num="859" count="0" type="stmt"/>
      <line num="865" count="1" type="stmt"/>
      <line num="869" count="1" type="stmt"/>
      <line num="870" count="1" type="stmt"/>
      <line num="882" count="1" type="cond" truecount="1" falsecount="1"/>
      <line num="883" count="1" type="stmt"/>
      <line num="884" count="1" type="stmt"/>
      <line num="888" count="1" type="stmt"/>
      <line num="890" count="0" type="stmt"/>
      <line num="897" count="0" type="stmt"/>
      <line num="898" count="0" type="stmt"/>
      <line num="899" count="0" type="stmt"/>
      <line num="904" count="0" type="stmt"/>
      <line num="905" count="0" type="stmt"/>
      <line num="907" count="0" type="stmt"/>
      <line num="919" count="0" type="stmt"/>
      <line num="920" count="0" type="stmt"/>
      <line num="924" count="0" type="cond" truecount="0" falsecount="2"/>
      <line num="925" count="0" type="stmt"/>
      <line num="927" count="0" type="stmt"/>
      <line num="929" count="0" type="stmt"/>
      <line num="930" count="0" type="stmt"/>
      <line num="936" count="1" type="stmt"/>
      <line num="942" count="1" type="stmt"/>
      <line num="943" count="1" type="stmt"/>
      <line num="945" count="1" type="stmt"/>
      <line num="950" count="1" type="stmt"/>
      <line num="951" count="1" type="stmt"/>
      <line num="957" count="1" type="stmt"/>
      <line num="959" count="0" type="stmt"/>
      <line num="961" count="0" type="cond" truecount="0" falsecount="2"/>
      <line num="962" count="0" type="stmt"/>
      <line num="964" count="0" type="stmt"/>
      <line num="967" count="1" type="stmt"/>
      <line num="980" count="0" type="stmt"/>
      <line num="981" count="0" type="stmt"/>
      <line num="985" count="0" type="cond" truecount="0" falsecount="2"/>
      <line num="986" count="0" type="stmt"/>
      <line num="988" count="0" type="stmt"/>
      <line num="990" count="0" type="stmt"/>
      <line num="991" count="0" type="stmt"/>
      <line num="997" count="0" type="stmt"/>
      <line num="998" count="0" type="stmt"/>
      <line num="1002" count="0" type="stmt"/>
      <line num="1003" count="0" type="stmt"/>
      <line num="1009" count="0" type="stmt"/>
      <line num="1010" count="0" type="stmt"/>
      <line num="1012" count="0" type="stmt"/>
      <line num="1018" count="0" type="stmt"/>
      <line num="1019" count="0" type="stmt"/>
      <line num="1023" count="0" type="stmt"/>
      <line num="1028" count="0" type="stmt"/>
      <line num="1032" count="0" type="stmt"/>
      <line num="1034" count="0" type="stmt"/>
      <line num="1037" count="0" type="stmt"/>
      <line num="1043" count="0" type="stmt"/>
      <line num="1044" count="0" type="stmt"/>
      <line num="1048" count="0" type="stmt"/>
      <line num="1050" count="0" type="stmt"/>
      <line num="1053" count="0" type="stmt"/>
      <line num="1060" count="1" type="stmt"/>
      <line num="1065" count="1" type="stmt"/>
      <line num="1066" count="1" type="stmt"/>
      <line num="1071" count="1" type="stmt"/>
      <line num="1073" count="1" type="cond" truecount="1" falsecount="1"/>
      <line num="1074" count="1" type="stmt"/>
      <line num="1075" count="1" type="stmt"/>
      <line num="1077" count="0" type="stmt"/>
      <line num="1080" count="0" type="stmt"/>
      <line num="1086" count="0" type="stmt"/>
      <line num="1090" count="0" type="stmt"/>
      <line num="1091" count="0" type="stmt"/>
      <line num="1097" count="0" type="stmt"/>
      <line num="1099" count="0" type="cond" truecount="0" falsecount="2"/>
      <line num="1100" count="0" type="stmt"/>
      <line num="1101" count="0" type="stmt"/>
      <line num="1103" count="0" type="stmt"/>
      <line num="1106" count="0" type="stmt"/>
      <line num="1113" count="0" type="stmt"/>
      <line num="1118" count="0" type="stmt"/>
      <line num="1119" count="0" type="stmt"/>
      <line num="1128" count="0" type="stmt"/>
      <line num="1130" count="0" type="cond" truecount="0" falsecount="2"/>
      <line num="1131" count="0" type="stmt"/>
      <line num="1132" count="0" type="stmt"/>
      <line num="1134" count="0" type="stmt"/>
      <line num="1137" count="0" type="stmt"/>
      <line num="1144" count="0" type="stmt"/>
      <line num="1149" count="0" type="stmt"/>
      <line num="1150" count="0" type="stmt"/>
      <line num="1159" count="0" type="stmt"/>
      <line num="1161" count="0" type="cond" truecount="0" falsecount="2"/>
      <line num="1162" count="0" type="stmt"/>
      <line num="1163" count="0" type="stmt"/>
      <line num="1165" count="0" type="stmt"/>
      <line num="1168" count="0" type="stmt"/>
      <line num="1174" count="1" type="stmt"/>
      <line num="1178" count="1" type="stmt"/>
      <line num="1179" count="1" type="stmt"/>
      <line num="1188" count="1" type="cond" truecount="1" falsecount="1"/>
      <line num="1189" count="1" type="stmt"/>
      <line num="1190" count="1" type="stmt"/>
      <line num="1193" count="0" type="stmt"/>
      <line num="1196" count="0" type="stmt"/>
      <line num="1197" count="0" type="stmt"/>
      <line num="1203" count="0" type="stmt"/>
      <line num="1207" count="0" type="stmt"/>
      <line num="1208" count="0" type="stmt"/>
      <line num="1209" count="0" type="stmt"/>
      <line num="1211" count="0" type="stmt"/>
      <line num="1219" count="0" type="cond" truecount="0" falsecount="2"/>
      <line num="1220" count="0" type="stmt"/>
      <line num="1221" count="0" type="stmt"/>
      <line num="1222" count="0" type="stmt"/>
      <line num="1227" count="0" type="stmt"/>
      <line num="1229" count="0" type="stmt"/>
      <line num="1230" count="0" type="stmt"/>
      <line num="1236" count="1" type="stmt"/>
      <line num="1237" count="1" type="stmt"/>
      <line num="1238" count="1" type="stmt"/>
      <line num="1240" count="1" type="stmt"/>
      <line num="1248" count="1" type="cond" truecount="1" falsecount="1"/>
      <line num="1249" count="1" type="stmt"/>
      <line num="1250" count="1" type="stmt"/>
      <line num="1256" count="1" type="stmt"/>
      <line num="1258" count="0" type="stmt"/>
      <line num="1259" count="0" type="stmt"/>
      <line num="1266" count="1" type="stmt"/>
      <line num="1270" count="1" type="stmt"/>
      <line num="1271" count="1" type="stmt"/>
      <line num="1279" count="1" type="cond" truecount="1" falsecount="1"/>
      <line num="1280" count="1" type="stmt"/>
      <line num="1281" count="1" type="stmt"/>
      <line num="1287" count="1" type="stmt"/>
      <line num="1289" count="0" type="stmt"/>
      <line num="1290" count="0" type="stmt"/>
      <line num="1296" count="0" type="stmt"/>
      <line num="1300" count="0" type="stmt"/>
      <line num="1301" count="0" type="stmt"/>
      <line num="1302" count="0" type="stmt"/>
      <line num="1304" count="0" type="stmt"/>
      <line num="1312" count="0" type="cond" truecount="0" falsecount="2"/>
      <line num="1313" count="0" type="stmt"/>
      <line num="1314" count="0" type="stmt"/>
      <line num="1315" count="0" type="stmt"/>
      <line num="1320" count="0" type="stmt"/>
      <line num="1322" count="0" type="stmt"/>
      <line num="1323" count="0" type="stmt"/>
      <line num="1329" count="1" type="stmt"/>
      <line num="1333" count="1" type="stmt"/>
      <line num="1334" count="1" type="stmt"/>
      <line num="1335" count="1" type="stmt"/>
      <line num="1337" count="1" type="stmt"/>
      <line num="1345" count="1" type="cond" truecount="1" falsecount="1"/>
      <line num="1346" count="1" type="stmt"/>
      <line num="1347" count="1" type="stmt"/>
      <line num="1352" count="0" type="stmt"/>
      <line num="1355" count="0" type="stmt"/>
      <line num="1356" count="0" type="stmt"/>
      <line num="1362" count="0" type="stmt"/>
      <line num="1367" count="0" type="stmt"/>
      <line num="1368" count="0" type="stmt"/>
      <line num="1376" count="0" type="stmt"/>
      <line num="1378" count="0" type="cond" truecount="0" falsecount="2"/>
      <line num="1379" count="0" type="stmt"/>
      <line num="1380" count="0" type="stmt"/>
      <line num="1382" count="0" type="stmt"/>
      <line num="1385" count="0" type="stmt"/>
      <line num="1391" count="0" type="stmt"/>
      <line num="1396" count="0" type="stmt"/>
      <line num="1397" count="0" type="stmt"/>
      <line num="1405" count="0" type="stmt"/>
      <line num="1407" count="0" type="cond" truecount="0" falsecount="2"/>
      <line num="1408" count="0" type="stmt"/>
      <line num="1409" count="0" type="stmt"/>
      <line num="1411" count="0" type="stmt"/>
      <line num="1414" count="0" type="stmt"/>
    </file>
  </project>
</coverage>
