{"/Users/victorkanu/Desktop/ Bagel Working Client /Client/javascript/src/api/api.js": {"path":"/Users/victorkanu/Desktop/ Bagel Working Client /Client/javascript/src/api/api.js","statementMap":{"0":{"start":{"line":484,"column":22},"end":{"line":484,"column":74}},"1":{"start":{"line":485,"column":4},"end":{"line":489,"column":5}},"2":{"start":{"line":486,"column":6},"end":{"line":488,"column":7}},"3":{"start":{"line":491,"column":4},"end":{"line":500,"column":5}},"4":{"start":{"line":492,"column":6},"end":{"line":492,"column":44}},"5":{"start":{"line":493,"column":11},"end":{"line":500,"column":5}},"6":{"start":{"line":497,"column":6},"end":{"line":497,"column":45}},"7":{"start":{"line":499,"column":6},"end":{"line":499,"column":15}},"8":{"start":{"line":502,"column":4},"end":{"line":502,"column":81}},"9":{"start":{"line":509,"column":4},"end":{"line":519,"column":5}},"10":{"start":{"line":510,"column":23},"end":{"line":510,"column":49}},"11":{"start":{"line":511,"column":6},"end":{"line":513,"column":7}},"12":{"start":{"line":512,"column":8},"end":{"line":512,"column":55}},"13":{"start":{"line":514,"column":6},"end":{"line":516,"column":7}},"14":{"start":{"line":515,"column":8},"end":{"line":515,"column":21}},"15":{"start":{"line":518,"column":6},"end":{"line":518,"column":36}},"16":{"start":{"line":524,"column":4},"end":{"line":532,"column":5}},"17":{"start":{"line":525,"column":23},"end":{"line":525,"column":62}},"18":{"start":{"line":526,"column":6},"end":{"line":528,"column":7}},"19":{"start":{"line":527,"column":8},"end":{"line":527,"column":55}},"20":{"start":{"line":529,"column":6},"end":{"line":529,"column":26}},"21":{"start":{"line":531,"column":6},"end":{"line":531,"column":36}},"22":{"start":{"line":538,"column":20},"end":{"line":541,"column":5}},"23":{"start":{"line":543,"column":4},"end":{"line":564,"column":5}},"24":{"start":{"line":544,"column":23},"end":{"line":548,"column":8}},"25":{"start":{"line":550,"column":19},"end":{"line":550,"column":40}},"26":{"start":{"line":552,"column":6},"end":{"line":561,"column":7}},"27":{"start":{"line":553,"column":8},"end":{"line":553,"column":50}},"28":{"start":{"line":554,"column":8},"end":{"line":554,"column":41}},"29":{"start":{"line":557,"column":24},"end":{"line":557,"column":28}},"30":{"start":{"line":558,"column":8},"end":{"line":558,"column":43}},"31":{"start":{"line":560,"column":8},"end":{"line":560,"column":70}},"32":{"start":{"line":563,"column":6},"end":{"line":563,"column":51}},"33":{"start":{"line":572,"column":20},"end":{"line":575,"column":5}},"34":{"start":{"line":577,"column":4},"end":{"line":593,"column":5}},"35":{"start":{"line":578,"column":23},"end":{"line":581,"column":8}},"36":{"start":{"line":583,"column":19},"end":{"line":583,"column":40}},"37":{"start":{"line":585,"column":6},"end":{"line":590,"column":7}},"38":{"start":{"line":586,"column":8},"end":{"line":586,"column":52}},"39":{"start":{"line":587,"column":8},"end":{"line":587,"column":25}},"40":{"start":{"line":589,"column":8},"end":{"line":589,"column":72}},"41":{"start":{"line":592,"column":6},"end":{"line":592,"column":53}},"42":{"start":{"line":599,"column":20},"end":{"line":602,"column":5}},"43":{"start":{"line":604,"column":4},"end":{"line":623,"column":5}},"44":{"start":{"line":605,"column":23},"end":{"line":611,"column":7}},"45":{"start":{"line":613,"column":19},"end":{"line":613,"column":40}},"46":{"start":{"line":615,"column":6},"end":{"line":620,"column":7}},"47":{"start":{"line":616,"column":8},"end":{"line":616,"column":52}},"48":{"start":{"line":617,"column":8},"end":{"line":617,"column":25}},"49":{"start":{"line":619,"column":8},"end":{"line":619,"column":72}},"50":{"start":{"line":622,"column":6},"end":{"line":622,"column":53}},"51":{"start":{"line":628,"column":4},"end":{"line":651,"column":5}},"52":{"start":{"line":629,"column":18},"end":{"line":629,"column":53}},"53":{"start":{"line":632,"column":22},"end":{"line":636,"column":7}},"54":{"start":{"line":639,"column":23},"end":{"line":642,"column":8}},"55":{"start":{"line":644,"column":6},"end":{"line":647,"column":7}},"56":{"start":{"line":645,"column":28},"end":{"line":645,"column":49}},"57":{"start":{"line":646,"column":8},"end":{"line":646,"column":79}},"58":{"start":{"line":648,"column":6},"end":{"line":648,"column":48}},"59":{"start":{"line":650,"column":6},"end":{"line":650,"column":34}},"60":{"start":{"line":656,"column":4},"end":{"line":662,"column":5}},"61":{"start":{"line":657,"column":6},"end":{"line":659,"column":8}},"62":{"start":{"line":661,"column":6},"end":{"line":661,"column":36}},"63":{"start":{"line":667,"column":4},"end":{"line":667,"column":55}},"64":{"start":{"line":671,"column":4},"end":{"line":691,"column":5}},"65":{"start":{"line":672,"column":23},"end":{"line":679,"column":8}},"66":{"start":{"line":681,"column":6},"end":{"line":685,"column":7}},"67":{"start":{"line":682,"column":28},"end":{"line":682,"column":49}},"68":{"start":{"line":683,"column":8},"end":{"line":683,"column":53}},"69":{"start":{"line":687,"column":6},"end":{"line":687,"column":34}},"70":{"start":{"line":689,"column":6},"end":{"line":689,"column":45}},"71":{"start":{"line":690,"column":6},"end":{"line":690,"column":17}},"72":{"start":{"line":696,"column":4},"end":{"line":702,"column":5}},"73":{"start":{"line":697,"column":6},"end":{"line":699,"column":8}},"74":{"start":{"line":701,"column":6},"end":{"line":701,"column":36}},"75":{"start":{"line":707,"column":4},"end":{"line":720,"column":5}},"76":{"start":{"line":708,"column":23},"end":{"line":713,"column":7}},"77":{"start":{"line":714,"column":6},"end":{"line":716,"column":7}},"78":{"start":{"line":715,"column":8},"end":{"line":715,"column":55}},"79":{"start":{"line":717,"column":6},"end":{"line":717,"column":36}},"80":{"start":{"line":719,"column":6},"end":{"line":719,"column":36}},"81":{"start":{"line":736,"column":4},"end":{"line":739,"column":5}},"82":{"start":{"line":737,"column":6},"end":{"line":737,"column":36}},"83":{"start":{"line":738,"column":6},"end":{"line":738,"column":22}},"84":{"start":{"line":741,"column":4},"end":{"line":778,"column":5}},"85":{"start":{"line":742,"column":23},"end":{"line":758,"column":7}},"86":{"start":{"line":760,"column":6},"end":{"line":762,"column":7}},"87":{"start":{"line":761,"column":8},"end":{"line":761,"column":76}},"88":{"start":{"line":764,"column":19},"end":{"line":764,"column":40}},"89":{"start":{"line":766,"column":6},"end":{"line":768,"column":7}},"90":{"start":{"line":767,"column":8},"end":{"line":767,"column":55}},"91":{"start":{"line":770,"column":6},"end":{"line":775,"column":7}},"92":{"start":{"line":777,"column":6},"end":{"line":777,"column":44}},"93":{"start":{"line":783,"column":4},"end":{"line":798,"column":5}},"94":{"start":{"line":784,"column":19},"end":{"line":784,"column":43}},"95":{"start":{"line":785,"column":23},"end":{"line":789,"column":8}},"96":{"start":{"line":791,"column":6},"end":{"line":793,"column":7}},"97":{"start":{"line":792,"column":8},"end":{"line":792,"column":76}},"98":{"start":{"line":795,"column":6},"end":{"line":795,"column":22}},"99":{"start":{"line":797,"column":6},"end":{"line":797,"column":44}},"100":{"start":{"line":811,"column":4},"end":{"line":829,"column":5}},"101":{"start":{"line":812,"column":23},"end":{"line":821,"column":7}},"102":{"start":{"line":822,"column":6},"end":{"line":824,"column":7}},"103":{"start":{"line":823,"column":8},"end":{"line":823,"column":55}},"104":{"start":{"line":826,"column":6},"end":{"line":826,"column":26}},"105":{"start":{"line":828,"column":6},"end":{"line":828,"column":36}},"106":{"start":{"line":835,"column":4},"end":{"line":860,"column":5}},"107":{"start":{"line":836,"column":23},"end":{"line":846,"column":7}},"108":{"start":{"line":848,"column":6},"end":{"line":854,"column":7}},"109":{"start":{"line":849,"column":28},"end":{"line":849,"column":49}},"110":{"start":{"line":850,"column":8},"end":{"line":850,"column":53}},"111":{"start":{"line":851,"column":8},"end":{"line":853,"column":9}},"112":{"start":{"line":856,"column":6},"end":{"line":856,"column":34}},"113":{"start":{"line":858,"column":6},"end":{"line":858,"column":45}},"114":{"start":{"line":859,"column":6},"end":{"line":859,"column":17}},"115":{"start":{"line":865,"column":4},"end":{"line":865,"column":54}},"116":{"start":{"line":869,"column":4},"end":{"line":892,"column":5}},"117":{"start":{"line":870,"column":23},"end":{"line":880,"column":7}},"118":{"start":{"line":882,"column":6},"end":{"line":886,"column":7}},"119":{"start":{"line":883,"column":28},"end":{"line":883,"column":49}},"120":{"start":{"line":884,"column":8},"end":{"line":884,"column":53}},"121":{"start":{"line":888,"column":6},"end":{"line":888,"column":34}},"122":{"start":{"line":890,"column":6},"end":{"line":890,"column":45}},"123":{"start":{"line":897,"column":4},"end":{"line":908,"column":5}},"124":{"start":{"line":898,"column":18},"end":{"line":898,"column":70}},"125":{"start":{"line":899,"column":26},"end":{"line":903,"column":7}},"126":{"start":{"line":904,"column":23},"end":{"line":904,"column":52}},"127":{"start":{"line":905,"column":6},"end":{"line":905,"column":28}},"128":{"start":{"line":907,"column":6},"end":{"line":907,"column":36}},"129":{"start":{"line":919,"column":4},"end":{"line":931,"column":5}},"130":{"start":{"line":920,"column":23},"end":{"line":923,"column":7}},"131":{"start":{"line":924,"column":6},"end":{"line":926,"column":7}},"132":{"start":{"line":925,"column":8},"end":{"line":925,"column":55}},"133":{"start":{"line":927,"column":6},"end":{"line":927,"column":26}},"134":{"start":{"line":929,"column":6},"end":{"line":929,"column":44}},"135":{"start":{"line":930,"column":6},"end":{"line":930,"column":17}},"136":{"start":{"line":936,"column":4},"end":{"line":936,"column":52}},"137":{"start":{"line":942,"column":17},"end":{"line":942,"column":31}},"138":{"start":{"line":943,"column":4},"end":{"line":943,"column":59}},"139":{"start":{"line":945,"column":20},"end":{"line":948,"column":5}},"140":{"start":{"line":950,"column":4},"end":{"line":968,"column":5}},"141":{"start":{"line":951,"column":23},"end":{"line":955,"column":8}},"142":{"start":{"line":957,"column":27},"end":{"line":957,"column":48}},"143":{"start":{"line":959,"column":6},"end":{"line":959,"column":31}},"144":{"start":{"line":961,"column":6},"end":{"line":965,"column":7}},"145":{"start":{"line":962,"column":8},"end":{"line":962,"column":50}},"146":{"start":{"line":964,"column":8},"end":{"line":964,"column":60}},"147":{"start":{"line":967,"column":6},"end":{"line":967,"column":36}},"148":{"start":{"line":980,"column":4},"end":{"line":992,"column":5}},"149":{"start":{"line":981,"column":23},"end":{"line":984,"column":7}},"150":{"start":{"line":985,"column":6},"end":{"line":987,"column":7}},"151":{"start":{"line":986,"column":8},"end":{"line":986,"column":55}},"152":{"start":{"line":988,"column":6},"end":{"line":988,"column":26}},"153":{"start":{"line":990,"column":6},"end":{"line":990,"column":44}},"154":{"start":{"line":991,"column":6},"end":{"line":991,"column":17}},"155":{"start":{"line":997,"column":4},"end":{"line":1004,"column":5}},"156":{"start":{"line":998,"column":6},"end":{"line":1000,"column":7}},"157":{"start":{"line":1002,"column":6},"end":{"line":1002,"column":44}},"158":{"start":{"line":1003,"column":6},"end":{"line":1003,"column":17}},"159":{"start":{"line":1009,"column":4},"end":{"line":1009,"column":39}},"160":{"start":{"line":1010,"column":16},"end":{"line":1010,"column":24}},"161":{"start":{"line":1012,"column":17},"end":{"line":1016,"column":5}},"162":{"start":{"line":1018,"column":21},"end":{"line":1018,"column":35}},"163":{"start":{"line":1019,"column":4},"end":{"line":1022,"column":6}},"164":{"start":{"line":1023,"column":4},"end":{"line":1025,"column":6}},"165":{"start":{"line":1028,"column":4},"end":{"line":1038,"column":8}},"166":{"start":{"line":1032,"column":26},"end":{"line":1032,"column":41}},"167":{"start":{"line":1034,"column":8},"end":{"line":1034,"column":19}},"168":{"start":{"line":1037,"column":8},"end":{"line":1037,"column":38}},"169":{"start":{"line":1043,"column":4},"end":{"line":1043,"column":42}},"170":{"start":{"line":1044,"column":4},"end":{"line":1054,"column":8}},"171":{"start":{"line":1048,"column":26},"end":{"line":1048,"column":41}},"172":{"start":{"line":1050,"column":8},"end":{"line":1050,"column":19}},"173":{"start":{"line":1053,"column":8},"end":{"line":1053,"column":38}},"174":{"start":{"line":1060,"column":20},"end":{"line":1063,"column":5}},"175":{"start":{"line":1065,"column":4},"end":{"line":1081,"column":5}},"176":{"start":{"line":1066,"column":23},"end":{"line":1069,"column":8}},"177":{"start":{"line":1071,"column":19},"end":{"line":1071,"column":40}},"178":{"start":{"line":1073,"column":6},"end":{"line":1078,"column":7}},"179":{"start":{"line":1074,"column":8},"end":{"line":1074,"column":52}},"180":{"start":{"line":1075,"column":8},"end":{"line":1075,"column":25}},"181":{"start":{"line":1077,"column":8},"end":{"line":1077,"column":72}},"182":{"start":{"line":1080,"column":6},"end":{"line":1080,"column":53}},"183":{"start":{"line":1086,"column":20},"end":{"line":1088,"column":5}},"184":{"start":{"line":1090,"column":4},"end":{"line":1107,"column":5}},"185":{"start":{"line":1091,"column":23},"end":{"line":1095,"column":8}},"186":{"start":{"line":1097,"column":19},"end":{"line":1097,"column":40}},"187":{"start":{"line":1099,"column":6},"end":{"line":1104,"column":7}},"188":{"start":{"line":1100,"column":8},"end":{"line":1100,"column":80}},"189":{"start":{"line":1101,"column":8},"end":{"line":1101,"column":19}},"190":{"start":{"line":1103,"column":8},"end":{"line":1103,"column":72}},"191":{"start":{"line":1106,"column":6},"end":{"line":1106,"column":53}},"192":{"start":{"line":1113,"column":20},"end":{"line":1116,"column":5}},"193":{"start":{"line":1118,"column":4},"end":{"line":1138,"column":5}},"194":{"start":{"line":1119,"column":23},"end":{"line":1126,"column":7}},"195":{"start":{"line":1128,"column":19},"end":{"line":1128,"column":40}},"196":{"start":{"line":1130,"column":6},"end":{"line":1135,"column":7}},"197":{"start":{"line":1131,"column":8},"end":{"line":1131,"column":50}},"198":{"start":{"line":1132,"column":8},"end":{"line":1132,"column":19}},"199":{"start":{"line":1134,"column":8},"end":{"line":1134,"column":70}},"200":{"start":{"line":1137,"column":6},"end":{"line":1137,"column":51}},"201":{"start":{"line":1144,"column":20},"end":{"line":1147,"column":5}},"202":{"start":{"line":1149,"column":4},"end":{"line":1169,"column":5}},"203":{"start":{"line":1150,"column":23},"end":{"line":1157,"column":7}},"204":{"start":{"line":1159,"column":19},"end":{"line":1159,"column":40}},"205":{"start":{"line":1161,"column":6},"end":{"line":1166,"column":7}},"206":{"start":{"line":1162,"column":8},"end":{"line":1162,"column":50}},"207":{"start":{"line":1163,"column":8},"end":{"line":1163,"column":19}},"208":{"start":{"line":1165,"column":8},"end":{"line":1165,"column":70}},"209":{"start":{"line":1168,"column":6},"end":{"line":1168,"column":51}},"210":{"start":{"line":1174,"column":4},"end":{"line":1174,"column":43}},"211":{"start":{"line":1178,"column":4},"end":{"line":1198,"column":5}},"212":{"start":{"line":1179,"column":23},"end":{"line":1186,"column":8}},"213":{"start":{"line":1188,"column":6},"end":{"line":1194,"column":7}},"214":{"start":{"line":1189,"column":28},"end":{"line":1189,"column":49}},"215":{"start":{"line":1190,"column":8},"end":{"line":1190,"column":53}},"216":{"start":{"line":1193,"column":8},"end":{"line":1193,"column":36}},"217":{"start":{"line":1196,"column":6},"end":{"line":1196,"column":45}},"218":{"start":{"line":1197,"column":6},"end":{"line":1197,"column":17}},"219":{"start":{"line":1203,"column":4},"end":{"line":1203,"column":42}},"220":{"start":{"line":1207,"column":4},"end":{"line":1231,"column":5}},"221":{"start":{"line":1208,"column":18},"end":{"line":1208,"column":62}},"222":{"start":{"line":1209,"column":6},"end":{"line":1209,"column":38}},"223":{"start":{"line":1211,"column":23},"end":{"line":1217,"column":8}},"224":{"start":{"line":1219,"column":6},"end":{"line":1225,"column":7}},"225":{"start":{"line":1220,"column":28},"end":{"line":1220,"column":49}},"226":{"start":{"line":1221,"column":8},"end":{"line":1221,"column":53}},"227":{"start":{"line":1222,"column":8},"end":{"line":1224,"column":9}},"228":{"start":{"line":1227,"column":6},"end":{"line":1227,"column":34}},"229":{"start":{"line":1229,"column":6},"end":{"line":1229,"column":45}},"230":{"start":{"line":1230,"column":6},"end":{"line":1230,"column":17}},"231":{"start":{"line":1236,"column":4},"end":{"line":1260,"column":5}},"232":{"start":{"line":1237,"column":18},"end":{"line":1237,"column":50}},"233":{"start":{"line":1238,"column":6},"end":{"line":1238,"column":38}},"234":{"start":{"line":1240,"column":23},"end":{"line":1246,"column":8}},"235":{"start":{"line":1248,"column":6},"end":{"line":1254,"column":7}},"236":{"start":{"line":1249,"column":28},"end":{"line":1249,"column":49}},"237":{"start":{"line":1250,"column":8},"end":{"line":1250,"column":53}},"238":{"start":{"line":1256,"column":6},"end":{"line":1256,"column":34}},"239":{"start":{"line":1258,"column":6},"end":{"line":1258,"column":45}},"240":{"start":{"line":1259,"column":6},"end":{"line":1259,"column":17}},"241":{"start":{"line":1266,"column":4},"end":{"line":1266,"column":50}},"242":{"start":{"line":1270,"column":4},"end":{"line":1291,"column":5}},"243":{"start":{"line":1271,"column":23},"end":{"line":1277,"column":8}},"244":{"start":{"line":1279,"column":6},"end":{"line":1285,"column":7}},"245":{"start":{"line":1280,"column":28},"end":{"line":1280,"column":49}},"246":{"start":{"line":1281,"column":8},"end":{"line":1281,"column":53}},"247":{"start":{"line":1287,"column":6},"end":{"line":1287,"column":34}},"248":{"start":{"line":1289,"column":6},"end":{"line":1289,"column":45}},"249":{"start":{"line":1290,"column":6},"end":{"line":1290,"column":17}},"250":{"start":{"line":1296,"column":4},"end":{"line":1296,"column":50}},"251":{"start":{"line":1300,"column":4},"end":{"line":1324,"column":5}},"252":{"start":{"line":1301,"column":18},"end":{"line":1301,"column":64}},"253":{"start":{"line":1302,"column":6},"end":{"line":1302,"column":38}},"254":{"start":{"line":1304,"column":23},"end":{"line":1310,"column":8}},"255":{"start":{"line":1312,"column":6},"end":{"line":1318,"column":7}},"256":{"start":{"line":1313,"column":28},"end":{"line":1313,"column":49}},"257":{"start":{"line":1314,"column":8},"end":{"line":1314,"column":53}},"258":{"start":{"line":1315,"column":8},"end":{"line":1317,"column":9}},"259":{"start":{"line":1320,"column":6},"end":{"line":1320,"column":34}},"260":{"start":{"line":1322,"column":6},"end":{"line":1322,"column":45}},"261":{"start":{"line":1323,"column":6},"end":{"line":1323,"column":17}},"262":{"start":{"line":1329,"column":4},"end":{"line":1329,"column":63}},"263":{"start":{"line":1333,"column":4},"end":{"line":1357,"column":5}},"264":{"start":{"line":1334,"column":18},"end":{"line":1334,"column":83}},"265":{"start":{"line":1335,"column":6},"end":{"line":1335,"column":38}},"266":{"start":{"line":1337,"column":23},"end":{"line":1343,"column":8}},"267":{"start":{"line":1345,"column":6},"end":{"line":1353,"column":7}},"268":{"start":{"line":1346,"column":28},"end":{"line":1346,"column":49}},"269":{"start":{"line":1347,"column":8},"end":{"line":1347,"column":53}},"270":{"start":{"line":1352,"column":8},"end":{"line":1352,"column":36}},"271":{"start":{"line":1355,"column":6},"end":{"line":1355,"column":45}},"272":{"start":{"line":1356,"column":6},"end":{"line":1356,"column":17}},"273":{"start":{"line":1362,"column":20},"end":{"line":1365,"column":5}},"274":{"start":{"line":1367,"column":4},"end":{"line":1386,"column":5}},"275":{"start":{"line":1368,"column":23},"end":{"line":1374,"column":7}},"276":{"start":{"line":1376,"column":19},"end":{"line":1376,"column":40}},"277":{"start":{"line":1378,"column":6},"end":{"line":1383,"column":7}},"278":{"start":{"line":1379,"column":8},"end":{"line":1379,"column":58}},"279":{"start":{"line":1380,"column":8},"end":{"line":1380,"column":19}},"280":{"start":{"line":1382,"column":8},"end":{"line":1382,"column":78}},"281":{"start":{"line":1385,"column":6},"end":{"line":1385,"column":59}},"282":{"start":{"line":1391,"column":20},"end":{"line":1394,"column":5}},"283":{"start":{"line":1396,"column":4},"end":{"line":1415,"column":5}},"284":{"start":{"line":1397,"column":23},"end":{"line":1403,"column":7}},"285":{"start":{"line":1405,"column":19},"end":{"line":1405,"column":40}},"286":{"start":{"line":1407,"column":6},"end":{"line":1412,"column":7}},"287":{"start":{"line":1408,"column":8},"end":{"line":1408,"column":52}},"288":{"start":{"line":1409,"column":8},"end":{"line":1409,"column":19}},"289":{"start":{"line":1411,"column":8},"end":{"line":1411,"column":73}},"290":{"start":{"line":1414,"column":6},"end":{"line":1414,"column":54}}},"fnMap":{"0":{"name":"(anonymous_0)","decl":{"start":{"line":483,"column":2},"end":{"line":483,"column":3}},"loc":{"start":{"line":483,"column":24},"end":{"line":503,"column":3}},"line":483},"1":{"name":"(anonymous_1)","decl":{"start":{"line":508,"column":2},"end":{"line":508,"column":3}},"loc":{"start":{"line":508,"column":15},"end":{"line":520,"column":3}},"line":508},"2":{"name":"(anonymous_2)","decl":{"start":{"line":523,"column":2},"end":{"line":523,"column":3}},"loc":{"start":{"line":523,"column":22},"end":{"line":533,"column":3}},"line":523},"3":{"name":"(anonymous_3)","decl":{"start":{"line":536,"column":2},"end":{"line":536,"column":3}},"loc":{"start":{"line":536,"column":38},"end":{"line":565,"column":3}},"line":536},"4":{"name":"(anonymous_4)","decl":{"start":{"line":570,"column":2},"end":{"line":570,"column":3}},"loc":{"start":{"line":570,"column":36},"end":{"line":594,"column":3}},"line":570},"5":{"name":"(anonymous_5)","decl":{"start":{"line":597,"column":2},"end":{"line":597,"column":3}},"loc":{"start":{"line":597,"column":39},"end":{"line":624,"column":3}},"line":597},"6":{"name":"(anonymous_6)","decl":{"start":{"line":627,"column":2},"end":{"line":627,"column":3}},"loc":{"start":{"line":627,"column":38},"end":{"line":652,"column":3}},"line":627},"7":{"name":"(anonymous_7)","decl":{"start":{"line":655,"column":2},"end":{"line":655,"column":3}},"loc":{"start":{"line":655,"column":16},"end":{"line":663,"column":3}},"line":655},"8":{"name":"(anonymous_8)","decl":{"start":{"line":666,"column":2},"end":{"line":666,"column":3}},"loc":{"start":{"line":666,"column":47},"end":{"line":668,"column":3}},"line":666},"9":{"name":"(anonymous_9)","decl":{"start":{"line":670,"column":2},"end":{"line":670,"column":3}},"loc":{"start":{"line":670,"column":48},"end":{"line":692,"column":3}},"line":670},"10":{"name":"(anonymous_10)","decl":{"start":{"line":695,"column":2},"end":{"line":695,"column":3}},"loc":{"start":{"line":695,"column":18},"end":{"line":703,"column":3}},"line":695},"11":{"name":"(anonymous_11)","decl":{"start":{"line":706,"column":2},"end":{"line":706,"column":3}},"loc":{"start":{"line":706,"column":26},"end":{"line":721,"column":3}},"line":706},"12":{"name":"(anonymous_12)","decl":{"start":{"line":724,"column":2},"end":{"line":724,"column":3}},"loc":{"start":{"line":735,"column":4},"end":{"line":779,"column":3}},"line":735},"13":{"name":"(anonymous_13)","decl":{"start":{"line":782,"column":2},"end":{"line":782,"column":3}},"loc":{"start":{"line":782,"column":63},"end":{"line":799,"column":3}},"line":782},"14":{"name":"(anonymous_14)","decl":{"start":{"line":803,"column":2},"end":{"line":803,"column":3}},"loc":{"start":{"line":810,"column":4},"end":{"line":830,"column":3}},"line":810},"15":{"name":"(anonymous_15)","decl":{"start":{"line":834,"column":2},"end":{"line":834,"column":3}},"loc":{"start":{"line":834,"column":52},"end":{"line":861,"column":3}},"line":834},"16":{"name":"(anonymous_16)","decl":{"start":{"line":864,"column":2},"end":{"line":864,"column":3}},"loc":{"start":{"line":864,"column":46},"end":{"line":866,"column":3}},"line":864},"17":{"name":"(anonymous_17)","decl":{"start":{"line":868,"column":2},"end":{"line":868,"column":3}},"loc":{"start":{"line":868,"column":47},"end":{"line":893,"column":3}},"line":868},"18":{"name":"(anonymous_18)","decl":{"start":{"line":896,"column":2},"end":{"line":896,"column":3}},"loc":{"start":{"line":896,"column":71},"end":{"line":909,"column":3}},"line":896},"19":{"name":"(anonymous_19)","decl":{"start":{"line":912,"column":2},"end":{"line":912,"column":3}},"loc":{"start":{"line":918,"column":4},"end":{"line":932,"column":3}},"line":918},"20":{"name":"(anonymous_20)","decl":{"start":{"line":935,"column":2},"end":{"line":935,"column":3}},"loc":{"start":{"line":935,"column":44},"end":{"line":937,"column":3}},"line":935},"21":{"name":"(anonymous_21)","decl":{"start":{"line":940,"column":2},"end":{"line":940,"column":3}},"loc":{"start":{"line":940,"column":45},"end":{"line":969,"column":3}},"line":940},"22":{"name":"(anonymous_22)","decl":{"start":{"line":972,"column":2},"end":{"line":972,"column":3}},"loc":{"start":{"line":979,"column":4},"end":{"line":993,"column":3}},"line":979},"23":{"name":"(anonymous_23)","decl":{"start":{"line":996,"column":2},"end":{"line":996,"column":3}},"loc":{"start":{"line":996,"column":35},"end":{"line":1005,"column":3}},"line":996},"24":{"name":"(anonymous_24)","decl":{"start":{"line":1008,"column":2},"end":{"line":1008,"column":3}},"loc":{"start":{"line":1008,"column":52},"end":{"line":1039,"column":3}},"line":1008},"25":{"name":"(anonymous_25)","decl":{"start":{"line":1032,"column":12},"end":{"line":1032,"column":13}},"loc":{"start":{"line":1032,"column":26},"end":{"line":1032,"column":41}},"line":1032},"26":{"name":"(anonymous_26)","decl":{"start":{"line":1033,"column":12},"end":{"line":1033,"column":13}},"loc":{"start":{"line":1033,"column":22},"end":{"line":1035,"column":7}},"line":1033},"27":{"name":"(anonymous_27)","decl":{"start":{"line":1036,"column":13},"end":{"line":1036,"column":14}},"loc":{"start":{"line":1036,"column":24},"end":{"line":1038,"column":7}},"line":1036},"28":{"name":"(anonymous_28)","decl":{"start":{"line":1042,"column":2},"end":{"line":1042,"column":3}},"loc":{"start":{"line":1042,"column":44},"end":{"line":1055,"column":3}},"line":1042},"29":{"name":"(anonymous_29)","decl":{"start":{"line":1048,"column":12},"end":{"line":1048,"column":13}},"loc":{"start":{"line":1048,"column":26},"end":{"line":1048,"column":41}},"line":1048},"30":{"name":"(anonymous_30)","decl":{"start":{"line":1049,"column":12},"end":{"line":1049,"column":13}},"loc":{"start":{"line":1049,"column":22},"end":{"line":1051,"column":7}},"line":1049},"31":{"name":"(anonymous_31)","decl":{"start":{"line":1052,"column":13},"end":{"line":1052,"column":14}},"loc":{"start":{"line":1052,"column":24},"end":{"line":1054,"column":7}},"line":1052},"32":{"name":"(anonymous_32)","decl":{"start":{"line":1058,"column":2},"end":{"line":1058,"column":3}},"loc":{"start":{"line":1058,"column":41},"end":{"line":1082,"column":3}},"line":1058},"33":{"name":"(anonymous_33)","decl":{"start":{"line":1085,"column":2},"end":{"line":1085,"column":3}},"loc":{"start":{"line":1085,"column":50},"end":{"line":1108,"column":3}},"line":1085},"34":{"name":"(anonymous_34)","decl":{"start":{"line":1112,"column":2},"end":{"line":1112,"column":3}},"loc":{"start":{"line":1112,"column":54},"end":{"line":1139,"column":3}},"line":1112},"35":{"name":"(anonymous_35)","decl":{"start":{"line":1143,"column":2},"end":{"line":1143,"column":3}},"loc":{"start":{"line":1143,"column":54},"end":{"line":1170,"column":3}},"line":1143},"36":{"name":"(anonymous_36)","decl":{"start":{"line":1173,"column":2},"end":{"line":1173,"column":3}},"loc":{"start":{"line":1173,"column":35},"end":{"line":1175,"column":3}},"line":1173},"37":{"name":"(anonymous_37)","decl":{"start":{"line":1177,"column":2},"end":{"line":1177,"column":3}},"loc":{"start":{"line":1177,"column":36},"end":{"line":1199,"column":3}},"line":1177},"38":{"name":"(anonymous_38)","decl":{"start":{"line":1202,"column":2},"end":{"line":1202,"column":3}},"loc":{"start":{"line":1202,"column":34},"end":{"line":1204,"column":3}},"line":1202},"39":{"name":"(anonymous_39)","decl":{"start":{"line":1206,"column":2},"end":{"line":1206,"column":3}},"loc":{"start":{"line":1206,"column":35},"end":{"line":1232,"column":3}},"line":1206},"40":{"name":"(anonymous_40)","decl":{"start":{"line":1235,"column":2},"end":{"line":1235,"column":3}},"loc":{"start":{"line":1235,"column":31},"end":{"line":1261,"column":3}},"line":1235},"41":{"name":"(anonymous_41)","decl":{"start":{"line":1265,"column":2},"end":{"line":1265,"column":3}},"loc":{"start":{"line":1265,"column":42},"end":{"line":1267,"column":3}},"line":1265},"42":{"name":"(anonymous_42)","decl":{"start":{"line":1269,"column":2},"end":{"line":1269,"column":3}},"loc":{"start":{"line":1269,"column":43},"end":{"line":1292,"column":3}},"line":1269},"43":{"name":"(anonymous_43)","decl":{"start":{"line":1295,"column":2},"end":{"line":1295,"column":3}},"loc":{"start":{"line":1295,"column":42},"end":{"line":1297,"column":3}},"line":1295},"44":{"name":"(anonymous_44)","decl":{"start":{"line":1299,"column":2},"end":{"line":1299,"column":3}},"loc":{"start":{"line":1299,"column":43},"end":{"line":1325,"column":3}},"line":1299},"45":{"name":"(anonymous_45)","decl":{"start":{"line":1328,"column":2},"end":{"line":1328,"column":3}},"loc":{"start":{"line":1328,"column":55},"end":{"line":1330,"column":3}},"line":1328},"46":{"name":"(anonymous_46)","decl":{"start":{"line":1332,"column":2},"end":{"line":1332,"column":3}},"loc":{"start":{"line":1332,"column":56},"end":{"line":1358,"column":3}},"line":1332},"47":{"name":"(anonymous_47)","decl":{"start":{"line":1361,"column":2},"end":{"line":1361,"column":3}},"loc":{"start":{"line":1361,"column":41},"end":{"line":1387,"column":3}},"line":1361},"48":{"name":"(anonymous_48)","decl":{"start":{"line":1390,"column":2},"end":{"line":1390,"column":3}},"loc":{"start":{"line":1390,"column":54},"end":{"line":1416,"column":3}},"line":1390}},"branchMap":{"0":{"loc":{"start":{"line":484,"column":22},"end":{"line":484,"column":74}},"type":"cond-expr","locations":[{"start":{"line":484,"column":58},"end":{"line":484,"column":65}},{"start":{"line":484,"column":68},"end":{"line":484,"column":74}}],"line":484},"1":{"loc":{"start":{"line":485,"column":4},"end":{"line":489,"column":5}},"type":"if","locations":[{"start":{"line":485,"column":4},"end":{"line":489,"column":5}},{"start":{},"end":{}}],"line":485},"2":{"loc":{"start":{"line":491,"column":4},"end":{"line":500,"column":5}},"type":"if","locations":[{"start":{"line":491,"column":4},"end":{"line":500,"column":5}},{"start":{"line":493,"column":11},"end":{"line":500,"column":5}}],"line":491},"3":{"loc":{"start":{"line":493,"column":11},"end":{"line":500,"column":5}},"type":"if","locations":[{"start":{"line":493,"column":11},"end":{"line":500,"column":5}},{"start":{"line":498,"column":11},"end":{"line":500,"column":5}}],"line":493},"4":{"loc":{"start":{"line":494,"column":6},"end":{"line":495,"column":38}},"type":"binary-expr","locations":[{"start":{"line":494,"column":6},"end":{"line":494,"column":39}},{"start":{"line":495,"column":6},"end":{"line":495,"column":38}}],"line":494},"5":{"loc":{"start":{"line":511,"column":6},"end":{"line":513,"column":7}},"type":"if","locations":[{"start":{"line":511,"column":6},"end":{"line":513,"column":7}},{"start":{},"end":{}}],"line":511},"6":{"loc":{"start":{"line":514,"column":6},"end":{"line":516,"column":7}},"type":"if","locations":[{"start":{"line":514,"column":6},"end":{"line":516,"column":7}},{"start":{},"end":{}}],"line":514},"7":{"loc":{"start":{"line":526,"column":6},"end":{"line":528,"column":7}},"type":"if","locations":[{"start":{"line":526,"column":6},"end":{"line":528,"column":7}},{"start":{},"end":{}}],"line":526},"8":{"loc":{"start":{"line":552,"column":6},"end":{"line":561,"column":7}},"type":"if","locations":[{"start":{"line":552,"column":6},"end":{"line":561,"column":7}},{"start":{"line":559,"column":13},"end":{"line":561,"column":7}}],"line":552},"9":{"loc":{"start":{"line":585,"column":6},"end":{"line":590,"column":7}},"type":"if","locations":[{"start":{"line":585,"column":6},"end":{"line":590,"column":7}},{"start":{"line":588,"column":13},"end":{"line":590,"column":7}}],"line":585},"10":{"loc":{"start":{"line":615,"column":6},"end":{"line":620,"column":7}},"type":"if","locations":[{"start":{"line":615,"column":6},"end":{"line":620,"column":7}},{"start":{"line":618,"column":13},"end":{"line":620,"column":7}}],"line":615},"11":{"loc":{"start":{"line":644,"column":6},"end":{"line":647,"column":7}},"type":"if","locations":[{"start":{"line":644,"column":6},"end":{"line":647,"column":7}},{"start":{},"end":{}}],"line":644},"12":{"loc":{"start":{"line":681,"column":6},"end":{"line":685,"column":7}},"type":"if","locations":[{"start":{"line":681,"column":6},"end":{"line":685,"column":7}},{"start":{},"end":{}}],"line":681},"13":{"loc":{"start":{"line":714,"column":6},"end":{"line":716,"column":7}},"type":"if","locations":[{"start":{"line":714,"column":6},"end":{"line":716,"column":7}},{"start":{},"end":{}}],"line":714},"14":{"loc":{"start":{"line":726,"column":4},"end":{"line":726,"column":14}},"type":"default-arg","locations":[{"start":{"line":726,"column":10},"end":{"line":726,"column":14}}],"line":726},"15":{"loc":{"start":{"line":727,"column":4},"end":{"line":727,"column":14}},"type":"default-arg","locations":[{"start":{"line":727,"column":12},"end":{"line":727,"column":14}}],"line":727},"16":{"loc":{"start":{"line":728,"column":4},"end":{"line":728,"column":15}},"type":"default-arg","locations":[{"start":{"line":728,"column":11},"end":{"line":728,"column":15}}],"line":728},"17":{"loc":{"start":{"line":729,"column":4},"end":{"line":729,"column":16}},"type":"default-arg","locations":[{"start":{"line":729,"column":12},"end":{"line":729,"column":16}}],"line":729},"18":{"loc":{"start":{"line":730,"column":4},"end":{"line":730,"column":17}},"type":"default-arg","locations":[{"start":{"line":730,"column":13},"end":{"line":730,"column":17}}],"line":730},"19":{"loc":{"start":{"line":731,"column":4},"end":{"line":731,"column":15}},"type":"default-arg","locations":[{"start":{"line":731,"column":11},"end":{"line":731,"column":15}}],"line":731},"20":{"loc":{"start":{"line":732,"column":4},"end":{"line":732,"column":19}},"type":"default-arg","locations":[{"start":{"line":732,"column":15},"end":{"line":732,"column":19}}],"line":732},"21":{"loc":{"start":{"line":733,"column":4},"end":{"line":733,"column":22}},"type":"default-arg","locations":[{"start":{"line":733,"column":20},"end":{"line":733,"column":22}}],"line":733},"22":{"loc":{"start":{"line":734,"column":4},"end":{"line":734,"column":40}},"type":"default-arg","locations":[{"start":{"line":734,"column":14},"end":{"line":734,"column":40}}],"line":734},"23":{"loc":{"start":{"line":736,"column":4},"end":{"line":739,"column":5}},"type":"if","locations":[{"start":{"line":736,"column":4},"end":{"line":739,"column":5}},{"start":{},"end":{}}],"line":736},"24":{"loc":{"start":{"line":736,"column":8},"end":{"line":736,"column":24}},"type":"binary-expr","locations":[{"start":{"line":736,"column":8},"end":{"line":736,"column":12}},{"start":{"line":736,"column":16},"end":{"line":736,"column":24}}],"line":736},"25":{"loc":{"start":{"line":760,"column":6},"end":{"line":762,"column":7}},"type":"if","locations":[{"start":{"line":760,"column":6},"end":{"line":762,"column":7}},{"start":{},"end":{}}],"line":760},"26":{"loc":{"start":{"line":766,"column":6},"end":{"line":768,"column":7}},"type":"if","locations":[{"start":{"line":766,"column":6},"end":{"line":768,"column":7}},{"start":{},"end":{}}],"line":766},"27":{"loc":{"start":{"line":772,"column":20},"end":{"line":772,"column":60}},"type":"cond-expr","locations":[{"start":{"line":772,"column":38},"end":{"line":772,"column":53}},{"start":{"line":772,"column":56},"end":{"line":772,"column":60}}],"line":772},"28":{"loc":{"start":{"line":773,"column":19},"end":{"line":773,"column":57}},"type":"cond-expr","locations":[{"start":{"line":773,"column":36},"end":{"line":773,"column":50}},{"start":{"line":773,"column":53},"end":{"line":773,"column":57}}],"line":773},"29":{"loc":{"start":{"line":774,"column":19},"end":{"line":774,"column":57}},"type":"cond-expr","locations":[{"start":{"line":774,"column":36},"end":{"line":774,"column":50}},{"start":{"line":774,"column":53},"end":{"line":774,"column":57}}],"line":774},"30":{"loc":{"start":{"line":782,"column":27},"end":{"line":782,"column":41}},"type":"default-arg","locations":[{"start":{"line":782,"column":37},"end":{"line":782,"column":41}}],"line":782},"31":{"loc":{"start":{"line":782,"column":43},"end":{"line":782,"column":61}},"type":"default-arg","locations":[{"start":{"line":782,"column":57},"end":{"line":782,"column":61}}],"line":782},"32":{"loc":{"start":{"line":791,"column":6},"end":{"line":793,"column":7}},"type":"if","locations":[{"start":{"line":791,"column":6},"end":{"line":793,"column":7}},{"start":{},"end":{}}],"line":791},"33":{"loc":{"start":{"line":807,"column":4},"end":{"line":807,"column":20}},"type":"default-arg","locations":[{"start":{"line":807,"column":16},"end":{"line":807,"column":20}}],"line":807},"34":{"loc":{"start":{"line":808,"column":4},"end":{"line":808,"column":20}},"type":"default-arg","locations":[{"start":{"line":808,"column":16},"end":{"line":808,"column":20}}],"line":808},"35":{"loc":{"start":{"line":809,"column":4},"end":{"line":809,"column":25}},"type":"default-arg","locations":[{"start":{"line":809,"column":21},"end":{"line":809,"column":25}}],"line":809},"36":{"loc":{"start":{"line":822,"column":6},"end":{"line":824,"column":7}},"type":"if","locations":[{"start":{"line":822,"column":6},"end":{"line":824,"column":7}},{"start":{},"end":{}}],"line":822},"37":{"loc":{"start":{"line":848,"column":6},"end":{"line":854,"column":7}},"type":"if","locations":[{"start":{"line":848,"column":6},"end":{"line":854,"column":7}},{"start":{},"end":{}}],"line":848},"38":{"loc":{"start":{"line":882,"column":6},"end":{"line":886,"column":7}},"type":"if","locations":[{"start":{"line":882,"column":6},"end":{"line":886,"column":7}},{"start":{},"end":{}}],"line":882},"39":{"loc":{"start":{"line":896,"column":27},"end":{"line":896,"column":37}},"type":"default-arg","locations":[{"start":{"line":896,"column":33},"end":{"line":896,"column":37}}],"line":896},"40":{"loc":{"start":{"line":896,"column":39},"end":{"line":896,"column":49}},"type":"default-arg","locations":[{"start":{"line":896,"column":47},"end":{"line":896,"column":49}}],"line":896},"41":{"loc":{"start":{"line":896,"column":51},"end":{"line":896,"column":69}},"type":"default-arg","locations":[{"start":{"line":896,"column":67},"end":{"line":896,"column":69}}],"line":896},"42":{"loc":{"start":{"line":915,"column":4},"end":{"line":915,"column":21}},"type":"default-arg","locations":[{"start":{"line":915,"column":17},"end":{"line":915,"column":21}}],"line":915},"43":{"loc":{"start":{"line":916,"column":4},"end":{"line":916,"column":20}},"type":"default-arg","locations":[{"start":{"line":916,"column":16},"end":{"line":916,"column":20}}],"line":916},"44":{"loc":{"start":{"line":917,"column":4},"end":{"line":917,"column":20}},"type":"default-arg","locations":[{"start":{"line":917,"column":16},"end":{"line":917,"column":20}}],"line":917},"45":{"loc":{"start":{"line":924,"column":6},"end":{"line":926,"column":7}},"type":"if","locations":[{"start":{"line":924,"column":6},"end":{"line":926,"column":7}},{"start":{},"end":{}}],"line":924},"46":{"loc":{"start":{"line":961,"column":6},"end":{"line":965,"column":7}},"type":"if","locations":[{"start":{"line":961,"column":6},"end":{"line":965,"column":7}},{"start":{"line":963,"column":13},"end":{"line":965,"column":7}}],"line":961},"47":{"loc":{"start":{"line":975,"column":4},"end":{"line":975,"column":21}},"type":"default-arg","locations":[{"start":{"line":975,"column":17},"end":{"line":975,"column":21}}],"line":975},"48":{"loc":{"start":{"line":976,"column":4},"end":{"line":976,"column":20}},"type":"default-arg","locations":[{"start":{"line":976,"column":16},"end":{"line":976,"column":20}}],"line":976},"49":{"loc":{"start":{"line":977,"column":4},"end":{"line":977,"column":20}},"type":"default-arg","locations":[{"start":{"line":977,"column":16},"end":{"line":977,"column":20}}],"line":977},"50":{"loc":{"start":{"line":978,"column":4},"end":{"line":978,"column":25}},"type":"default-arg","locations":[{"start":{"line":978,"column":21},"end":{"line":978,"column":25}}],"line":978},"51":{"loc":{"start":{"line":985,"column":6},"end":{"line":987,"column":7}},"type":"if","locations":[{"start":{"line":985,"column":6},"end":{"line":987,"column":7}},{"start":{},"end":{}}],"line":985},"52":{"loc":{"start":{"line":1073,"column":6},"end":{"line":1078,"column":7}},"type":"if","locations":[{"start":{"line":1073,"column":6},"end":{"line":1078,"column":7}},{"start":{"line":1076,"column":13},"end":{"line":1078,"column":7}}],"line":1073},"53":{"loc":{"start":{"line":1085,"column":37},"end":{"line":1085,"column":48}},"type":"default-arg","locations":[{"start":{"line":1085,"column":46},"end":{"line":1085,"column":48}}],"line":1085},"54":{"loc":{"start":{"line":1099,"column":6},"end":{"line":1104,"column":7}},"type":"if","locations":[{"start":{"line":1099,"column":6},"end":{"line":1104,"column":7}},{"start":{"line":1102,"column":13},"end":{"line":1104,"column":7}}],"line":1099},"55":{"loc":{"start":{"line":1130,"column":6},"end":{"line":1135,"column":7}},"type":"if","locations":[{"start":{"line":1130,"column":6},"end":{"line":1135,"column":7}},{"start":{"line":1133,"column":13},"end":{"line":1135,"column":7}}],"line":1130},"56":{"loc":{"start":{"line":1161,"column":6},"end":{"line":1166,"column":7}},"type":"if","locations":[{"start":{"line":1161,"column":6},"end":{"line":1166,"column":7}},{"start":{"line":1164,"column":13},"end":{"line":1166,"column":7}}],"line":1161},"57":{"loc":{"start":{"line":1188,"column":6},"end":{"line":1194,"column":7}},"type":"if","locations":[{"start":{"line":1188,"column":6},"end":{"line":1194,"column":7}},{"start":{"line":1192,"column":13},"end":{"line":1194,"column":7}}],"line":1188},"58":{"loc":{"start":{"line":1219,"column":6},"end":{"line":1225,"column":7}},"type":"if","locations":[{"start":{"line":1219,"column":6},"end":{"line":1225,"column":7}},{"start":{},"end":{}}],"line":1219},"59":{"loc":{"start":{"line":1248,"column":6},"end":{"line":1254,"column":7}},"type":"if","locations":[{"start":{"line":1248,"column":6},"end":{"line":1254,"column":7}},{"start":{},"end":{}}],"line":1248},"60":{"loc":{"start":{"line":1279,"column":6},"end":{"line":1285,"column":7}},"type":"if","locations":[{"start":{"line":1279,"column":6},"end":{"line":1285,"column":7}},{"start":{},"end":{}}],"line":1279},"61":{"loc":{"start":{"line":1312,"column":6},"end":{"line":1318,"column":7}},"type":"if","locations":[{"start":{"line":1312,"column":6},"end":{"line":1318,"column":7}},{"start":{},"end":{}}],"line":1312},"62":{"loc":{"start":{"line":1345,"column":6},"end":{"line":1353,"column":7}},"type":"if","locations":[{"start":{"line":1345,"column":6},"end":{"line":1353,"column":7}},{"start":{"line":1351,"column":13},"end":{"line":1353,"column":7}}],"line":1345},"63":{"loc":{"start":{"line":1378,"column":6},"end":{"line":1383,"column":7}},"type":"if","locations":[{"start":{"line":1378,"column":6},"end":{"line":1383,"column":7}},{"start":{"line":1381,"column":13},"end":{"line":1383,"column":7}}],"line":1378},"64":{"loc":{"start":{"line":1407,"column":6},"end":{"line":1412,"column":7}},"type":"if","locations":[{"start":{"line":1407,"column":6},"end":{"line":1412,"column":7}},{"start":{"line":1410,"column":13},"end":{"line":1412,"column":7}}],"line":1407}},"s":{"0":15,"1":15,"2":0,"3":15,"4":0,"5":15,"6":15,"7":0,"8":15,"9":1,"10":1,"11":1,"12":0,"13":1,"14":1,"15":0,"16":1,"17":1,"18":1,"19":0,"20":1,"21":0,"22":1,"23":1,"24":1,"25":1,"26":1,"27":1,"28":1,"29":1,"30":1,"31":0,"32":0,"33":1,"34":1,"35":1,"36":1,"37":1,"38":1,"39":1,"40":0,"41":0,"42":1,"43":1,"44":1,"45":1,"46":1,"47":1,"48":1,"49":0,"50":0,"51":1,"52":1,"53":1,"54":1,"55":1,"56":0,"57":0,"58":1,"59":0,"60":1,"61":1,"62":0,"63":1,"64":1,"65":1,"66":1,"67":1,"68":1,"69":1,"70":0,"71":0,"72":0,"73":0,"74":0,"75":0,"76":0,"77":0,"78":0,"79":0,"80":0,"81":0,"82":0,"83":0,"84":0,"85":0,"86":0,"87":0,"88":0,"89":0,"90":0,"91":0,"92":0,"93":0,"94":0,"95":0,"96":0,"97":0,"98":0,"99":0,"100":0,"101":0,"102":0,"103":0,"104":0,"105":0,"106":0,"107":0,"108":0,"109":0,"110":0,"111":0,"112":0,"113":0,"114":0,"115":1,"116":1,"117":1,"118":1,"119":1,"120":1,"121":1,"122":0,"123":0,"124":0,"125":0,"126":0,"127":0,"128":0,"129":0,"130":0,"131":0,"132":0,"133":0,"134":0,"135":0,"136":1,"137":1,"138":1,"139":1,"140":1,"141":1,"142":1,"143":0,"144":0,"145":0,"146":0,"147":1,"148":0,"149":0,"150":0,"151":0,"152":0,"153":0,"154":0,"155":0,"156":0,"157":0,"158":0,"159":0,"160":0,"161":0,"162":0,"163":0,"164":0,"165":0,"166":0,"167":0,"168":0,"169":0,"170":0,"171":0,"172":0,"173":0,"174":1,"175":1,"176":1,"177":1,"178":1,"179":1,"180":1,"181":0,"182":0,"183":0,"184":0,"185":0,"186":0,"187":0,"188":0,"189":0,"190":0,"191":0,"192":0,"193":0,"194":0,"195":0,"196":0,"197":0,"198":0,"199":0,"200":0,"201":0,"202":0,"203":0,"204":0,"205":0,"206":0,"207":0,"208":0,"209":0,"210":1,"211":1,"212":1,"213":1,"214":1,"215":1,"216":0,"217":0,"218":0,"219":0,"220":0,"221":0,"222":0,"223":0,"224":0,"225":0,"226":0,"227":0,"228":0,"229":0,"230":0,"231":1,"232":1,"233":1,"234":1,"235":1,"236":1,"237":1,"238":1,"239":0,"240":0,"241":1,"242":1,"243":1,"244":1,"245":1,"246":1,"247":1,"248":0,"249":0,"250":0,"251":0,"252":0,"253":0,"254":0,"255":0,"256":0,"257":0,"258":0,"259":0,"260":0,"261":0,"262":1,"263":1,"264":1,"265":1,"266":1,"267":1,"268":1,"269":1,"270":0,"271":0,"272":0,"273":0,"274":0,"275":0,"276":0,"277":0,"278":0,"279":0,"280":0,"281":0,"282":0,"283":0,"284":0,"285":0,"286":0,"287":0,"288":0,"289":0,"290":0},"f":{"0":15,"1":1,"2":1,"3":1,"4":1,"5":1,"6":1,"7":1,"8":1,"9":1,"10":0,"11":0,"12":0,"13":0,"14":0,"15":0,"16":1,"17":1,"18":0,"19":0,"20":1,"21":1,"22":0,"23":0,"24":0,"25":0,"26":0,"27":0,"28":0,"29":0,"30":0,"31":0,"32":1,"33":0,"34":0,"35":0,"36":1,"37":1,"38":0,"39":0,"40":1,"41":1,"42":1,"43":0,"44":0,"45":1,"46":1,"47":0,"48":0},"b":{"0":[15,0],"1":[0,15],"2":[0,15],"3":[15,0],"4":[15,15],"5":[0,1],"6":[1,0],"7":[0,1],"8":[1,0],"9":[1,0],"10":[1,0],"11":[0,1],"12":[1,0],"13":[0,0],"14":[0],"15":[0],"16":[0],"17":[0],"18":[0],"19":[0],"20":[0],"21":[0],"22":[0],"23":[0,0],"24":[0,0],"25":[0,0],"26":[0,0],"27":[0,0],"28":[0,0],"29":[0,0],"30":[0],"31":[0],"32":[0,0],"33":[0],"34":[0],"35":[0],"36":[0,0],"37":[0,0],"38":[1,0],"39":[0],"40":[0],"41":[0],"42":[0],"43":[0],"44":[0],"45":[0,0],"46":[0,0],"47":[0],"48":[0],"49":[0],"50":[0],"51":[0,0],"52":[1,0],"53":[0],"54":[0,0],"55":[0,0],"56":[0,0],"57":[1,0],"58":[0,0],"59":[1,0],"60":[1,0],"61":[0,0],"62":[1,0],"63":[0,0],"64":[0,0]},"_coverageSchema":"1a1c01bbd47fc00a2c39e90264f33305004495a9","hash":"fcc9e3b51ddeaec73759ebbc34c2837d22f23c6f"}
}
