TN:
SF:src/api/api.js
FN:483,(anonymous_0)
FN:508,(anonymous_1)
FN:523,(anonymous_2)
FN:536,(anonymous_3)
FN:570,(anonymous_4)
FN:597,(anonymous_5)
FN:627,(anonymous_6)
FN:655,(anonymous_7)
FN:666,(anonymous_8)
FN:670,(anonymous_9)
FN:695,(anonymous_10)
FN:706,(anonymous_11)
FN:724,(anonymous_12)
FN:782,(anonymous_13)
FN:803,(anonymous_14)
FN:834,(anonymous_15)
FN:864,(anonymous_16)
FN:868,(anonymous_17)
FN:896,(anonymous_18)
FN:912,(anonymous_19)
FN:935,(anonymous_20)
FN:940,(anonymous_21)
FN:972,(anonymous_22)
FN:996,(anonymous_23)
FN:1008,(anonymous_24)
FN:1032,(anonymous_25)
FN:1033,(anonymous_26)
FN:1036,(anonymous_27)
FN:1042,(anonymous_28)
FN:1048,(anonymous_29)
FN:1049,(anonymous_30)
FN:1052,(anonymous_31)
FN:1058,(anonymous_32)
FN:1085,(anonymous_33)
FN:1112,(anonymous_34)
FN:1143,(anonymous_35)
FN:1173,(anonymous_36)
FN:1177,(anonymous_37)
FN:1202,(anonymous_38)
FN:1206,(anonymous_39)
FN:1235,(anonymous_40)
FN:1265,(anonymous_41)
FN:1269,(anonymous_42)
FN:1295,(anonymous_43)
FN:1299,(anonymous_44)
FN:1328,(anonymous_45)
FN:1332,(anonymous_46)
FN:1361,(anonymous_47)
FN:1390,(anonymous_48)
FNF:49
FNH:22
FNDA:15,(anonymous_0)
FNDA:1,(anonymous_1)
FNDA:1,(anonymous_2)
FNDA:1,(anonymous_3)
FNDA:1,(anonymous_4)
FNDA:1,(anonymous_5)
FNDA:1,(anonymous_6)
FNDA:1,(anonymous_7)
FNDA:1,(anonymous_8)
FNDA:1,(anonymous_9)
FNDA:0,(anonymous_10)
FNDA:0,(anonymous_11)
FNDA:0,(anonymous_12)
FNDA:0,(anonymous_13)
FNDA:0,(anonymous_14)
FNDA:0,(anonymous_15)
FNDA:1,(anonymous_16)
FNDA:1,(anonymous_17)
FNDA:0,(anonymous_18)
FNDA:0,(anonymous_19)
FNDA:1,(anonymous_20)
FNDA:1,(anonymous_21)
FNDA:0,(anonymous_22)
FNDA:0,(anonymous_23)
FNDA:0,(anonymous_24)
FNDA:0,(anonymous_25)
FNDA:0,(anonymous_26)
FNDA:0,(anonymous_27)
FNDA:0,(anonymous_28)
FNDA:0,(anonymous_29)
FNDA:0,(anonymous_30)
FNDA:0,(anonymous_31)
FNDA:1,(anonymous_32)
FNDA:0,(anonymous_33)
FNDA:0,(anonymous_34)
FNDA:0,(anonymous_35)
FNDA:1,(anonymous_36)
FNDA:1,(anonymous_37)
FNDA:0,(anonymous_38)
FNDA:0,(anonymous_39)
FNDA:1,(anonymous_40)
FNDA:1,(anonymous_41)
FNDA:1,(anonymous_42)
FNDA:0,(anonymous_43)
FNDA:0,(anonymous_44)
FNDA:1,(anonymous_45)
FNDA:1,(anonymous_46)
FNDA:0,(anonymous_47)
FNDA:0,(anonymous_48)
DA:484,15
DA:485,15
DA:486,0
DA:491,15
DA:492,0
DA:493,15
DA:497,15
DA:499,0
DA:502,15
DA:509,1
DA:510,1
DA:511,1
DA:512,0
DA:514,1
DA:515,1
DA:518,0
DA:524,1
DA:525,1
DA:526,1
DA:527,0
DA:529,1
DA:531,0
DA:538,1
DA:543,1
DA:544,1
DA:550,1
DA:552,1
DA:553,1
DA:554,1
DA:557,1
DA:558,1
DA:560,0
DA:563,0
DA:572,1
DA:577,1
DA:578,1
DA:583,1
DA:585,1
DA:586,1
DA:587,1
DA:589,0
DA:592,0
DA:599,1
DA:604,1
DA:605,1
DA:613,1
DA:615,1
DA:616,1
DA:617,1
DA:619,0
DA:622,0
DA:628,1
DA:629,1
DA:632,1
DA:639,1
DA:644,1
DA:645,0
DA:646,0
DA:648,1
DA:650,0
DA:656,1
DA:657,1
DA:661,0
DA:667,1
DA:671,1
DA:672,1
DA:681,1
DA:682,1
DA:683,1
DA:687,1
DA:689,0
DA:690,0
DA:696,0
DA:697,0
DA:701,0
DA:707,0
DA:708,0
DA:714,0
DA:715,0
DA:717,0
DA:719,0
DA:736,0
DA:737,0
DA:738,0
DA:741,0
DA:742,0
DA:760,0
DA:761,0
DA:764,0
DA:766,0
DA:767,0
DA:770,0
DA:777,0
DA:783,0
DA:784,0
DA:785,0
DA:791,0
DA:792,0
DA:795,0
DA:797,0
DA:811,0
DA:812,0
DA:822,0
DA:823,0
DA:826,0
DA:828,0
DA:835,0
DA:836,0
DA:848,0
DA:849,0
DA:850,0
DA:851,0
DA:856,0
DA:858,0
DA:859,0
DA:865,1
DA:869,1
DA:870,1
DA:882,1
DA:883,1
DA:884,1
DA:888,1
DA:890,0
DA:897,0
DA:898,0
DA:899,0
DA:904,0
DA:905,0
DA:907,0
DA:919,0
DA:920,0
DA:924,0
DA:925,0
DA:927,0
DA:929,0
DA:930,0
DA:936,1
DA:942,1
DA:943,1
DA:945,1
DA:950,1
DA:951,1
DA:957,1
DA:959,0
DA:961,0
DA:962,0
DA:964,0
DA:967,1
DA:980,0
DA:981,0
DA:985,0
DA:986,0
DA:988,0
DA:990,0
DA:991,0
DA:997,0
DA:998,0
DA:1002,0
DA:1003,0
DA:1009,0
DA:1010,0
DA:1012,0
DA:1018,0
DA:1019,0
DA:1023,0
DA:1028,0
DA:1032,0
DA:1034,0
DA:1037,0
DA:1043,0
DA:1044,0
DA:1048,0
DA:1050,0
DA:1053,0
DA:1060,1
DA:1065,1
DA:1066,1
DA:1071,1
DA:1073,1
DA:1074,1
DA:1075,1
DA:1077,0
DA:1080,0
DA:1086,0
DA:1090,0
DA:1091,0
DA:1097,0
DA:1099,0
DA:1100,0
DA:1101,0
DA:1103,0
DA:1106,0
DA:1113,0
DA:1118,0
DA:1119,0
DA:1128,0
DA:1130,0
DA:1131,0
DA:1132,0
DA:1134,0
DA:1137,0
DA:1144,0
DA:1149,0
DA:1150,0
DA:1159,0
DA:1161,0
DA:1162,0
DA:1163,0
DA:1165,0
DA:1168,0
DA:1174,1
DA:1178,1
DA:1179,1
DA:1188,1
DA:1189,1
DA:1190,1
DA:1193,0
DA:1196,0
DA:1197,0
DA:1203,0
DA:1207,0
DA:1208,0
DA:1209,0
DA:1211,0
DA:1219,0
DA:1220,0
DA:1221,0
DA:1222,0
DA:1227,0
DA:1229,0
DA:1230,0
DA:1236,1
DA:1237,1
DA:1238,1
DA:1240,1
DA:1248,1
DA:1249,1
DA:1250,1
DA:1256,1
DA:1258,0
DA:1259,0
DA:1266,1
DA:1270,1
DA:1271,1
DA:1279,1
DA:1280,1
DA:1281,1
DA:1287,1
DA:1289,0
DA:1290,0
DA:1296,0
DA:1300,0
DA:1301,0
DA:1302,0
DA:1304,0
DA:1312,0
DA:1313,0
DA:1314,0
DA:1315,0
DA:1320,0
DA:1322,0
DA:1323,0
DA:1329,1
DA:1333,1
DA:1334,1
DA:1335,1
DA:1337,1
DA:1345,1
DA:1346,1
DA:1347,1
DA:1352,0
DA:1355,0
DA:1356,0
DA:1362,0
DA:1367,0
DA:1368,0
DA:1376,0
DA:1378,0
DA:1379,0
DA:1380,0
DA:1382,0
DA:1385,0
DA:1391,0
DA:1396,0
DA:1397,0
DA:1405,0
DA:1407,0
DA:1408,0
DA:1409,0
DA:1411,0
DA:1414,0
LF:291
LH:104
BRDA:484,0,0,15
BRDA:484,0,1,0
BRDA:485,1,0,0
BRDA:485,1,1,15
BRDA:491,2,0,0
BRDA:491,2,1,15
BRDA:493,3,0,15
BRDA:493,3,1,0
BRDA:494,4,0,15
BRDA:494,4,1,15
BRDA:511,5,0,0
BRDA:511,5,1,1
BRDA:514,6,0,1
BRDA:514,6,1,0
BRDA:526,7,0,0
BRDA:526,7,1,1
BRDA:552,8,0,1
BRDA:552,8,1,0
BRDA:585,9,0,1
BRDA:585,9,1,0
BRDA:615,10,0,1
BRDA:615,10,1,0
BRDA:644,11,0,0
BRDA:644,11,1,1
BRDA:681,12,0,1
BRDA:681,12,1,0
BRDA:714,13,0,0
BRDA:714,13,1,0
BRDA:726,14,0,0
BRDA:727,15,0,0
BRDA:728,16,0,0
BRDA:729,17,0,0
BRDA:730,18,0,0
BRDA:731,19,0,0
BRDA:732,20,0,0
BRDA:733,21,0,0
BRDA:734,22,0,0
BRDA:736,23,0,0
BRDA:736,23,1,0
BRDA:736,24,0,0
BRDA:736,24,1,0
BRDA:760,25,0,0
BRDA:760,25,1,0
BRDA:766,26,0,0
BRDA:766,26,1,0
BRDA:772,27,0,0
BRDA:772,27,1,0
BRDA:773,28,0,0
BRDA:773,28,1,0
BRDA:774,29,0,0
BRDA:774,29,1,0
BRDA:782,30,0,0
BRDA:782,31,0,0
BRDA:791,32,0,0
BRDA:791,32,1,0
BRDA:807,33,0,0
BRDA:808,34,0,0
BRDA:809,35,0,0
BRDA:822,36,0,0
BRDA:822,36,1,0
BRDA:848,37,0,0
BRDA:848,37,1,0
BRDA:882,38,0,1
BRDA:882,38,1,0
BRDA:896,39,0,0
BRDA:896,40,0,0
BRDA:896,41,0,0
BRDA:915,42,0,0
BRDA:916,43,0,0
BRDA:917,44,0,0
BRDA:924,45,0,0
BRDA:924,45,1,0
BRDA:961,46,0,0
BRDA:961,46,1,0
BRDA:975,47,0,0
BRDA:976,48,0,0
BRDA:977,49,0,0
BRDA:978,50,0,0
BRDA:985,51,0,0
BRDA:985,51,1,0
BRDA:1073,52,0,1
BRDA:1073,52,1,0
BRDA:1085,53,0,0
BRDA:1099,54,0,0
BRDA:1099,54,1,0
BRDA:1130,55,0,0
BRDA:1130,55,1,0
BRDA:1161,56,0,0
BRDA:1161,56,1,0
BRDA:1188,57,0,1
BRDA:1188,57,1,0
BRDA:1219,58,0,0
BRDA:1219,58,1,0
BRDA:1248,59,0,1
BRDA:1248,59,1,0
BRDA:1279,60,0,1
BRDA:1279,60,1,0
BRDA:1312,61,0,0
BRDA:1312,61,1,0
BRDA:1345,62,0,1
BRDA:1345,62,1,0
BRDA:1378,63,0,0
BRDA:1378,63,1,0
BRDA:1407,64,0,0
BRDA:1407,64,1,0
BRF:105
BRH:20
end_of_record
